<?xml version="1.0" encoding="UTF-8"?>
<!-- Generated by org.testng.reporters.JUnitReportReporter -->
<testsuite skipped="0" hostname="197blrnb22556" name="com.zomato.test.common.CuisineSearchTest" tests="1" failures="0" timestamp="27 Mar 2020 16:06:28 GMT" time="18.371" errors="0">
  <testcase name="testCuisineSearch" time="18.371" classname="com.zomato.test.common.CuisineSearchTest"/>
</testsuite> <!-- com.zomato.test.common.CuisineSearchTest -->
