<?xml version="1.0" encoding="UTF-8"?>
<!-- Generated by org.testng.reporters.JUnitReportReporter -->
<testsuite skipped="0" hostname="197blrnb22556" name="com.zomato.test.common.CategoriesTest" tests="1" failures="0" timestamp="27 Mar 2020 14:38:57 GMT" time="16.112" errors="0">
  <testcase name="testCategories_InvalidUserKey" time="16.112" classname="com.zomato.test.common.CategoriesTest"/>
</testsuite> <!-- com.zomato.test.common.CategoriesTest -->
